<?xml version="1.0" encoding="UTF-8"?>
<testsuite xmlns:xsi="http://www.w3.org/2001/XMLSchema-instance" xsi:noNamespaceSchemaLocation="https://maven.apache.org/surefire/maven-surefire-plugin/xsd/surefire-test-report-3.0.xsd" version="3.0" name="io.rp194.aaa.policy.PolicyServiceTest" time="0.012" tests="3" errors="0" skipped="0" failures="0">
  <properties>
[...]
</properties>
  <testcase name="ignoresDuplicateInterimUpdate" classname="io.rp194.aaa.policy.PolicyServiceTest" time="0.004"/>
  <testcase name="triggersThresholdCrossingActionOnce" classname="io.rp194.aaa.policy.PolicyServiceTest" time="0.001"/>
  <testcase name="handlesOctetWraparoundSafely" classname="io.rp194.aaa.policy.PolicyServiceTest" time="0.001"/>
</testsuite>